This file contains any messages produced by compilers while
running configure, to aid debugging if configure makes a mistake.

It was created by configure, which was
generated by GNU Autoconf 2.69.  Invocation command line was

  $ ./configure --disable-option-checking --prefix=/usr/local --cache-file=/dev/null --srcdir=.

## --------- ##
## Platform. ##
## --------- ##

hostname = raspberrypi
uname -m = armv7l
uname -r = 4.19.75-v7+
uname -s = Linux
uname -v = #1270 SMP Tue Sep 24 18:45:11 BST 2019

/usr/bin/uname -p = unknown
/bin/uname -X     = unknown

/bin/arch              = unknown
/usr/bin/arch -k       = unknown
/usr/convex/getsysinfo = unknown
/usr/bin/hostinfo      = unknown
/bin/machine           = unknown
/usr/bin/oslevel       = unknown
/bin/universe          = unknown

PATH: /usr/local/sbin
PATH: /usr/local/bin
PATH: /usr/sbin
PATH: /usr/bin
PATH: /sbin
PATH: /bin
PATH: /usr/local/games
PATH: /usr/games


## ----------- ##
## Core tests. ##
## ----------- ##

configure:2106: checking build system type
configure:2120: result: armv7l-unknown-linux-gnueabi
configure:2140: checking host system type
configure:2153: result: armv7l-unknown-linux-gnueabi
configure:2174: checking host-specific optimization flag
configure:2183: result: no
configure:2239: checking for gcc
configure:2255: found /usr/bin/gcc
configure:2266: result: gcc
configure:2495: checking for C compiler version
configure:2504: gcc --version >&5
gcc (Raspbian 8.3.0-6+rpi1) 8.3.0
Copyright (C) 2018 Free Software Foundation, Inc.
This is free software; see the source for copying conditions.  There is NO
warranty; not even for MERCHANTABILITY or FITNESS FOR A PARTICULAR PURPOSE.

configure:2515: $? = 0
configure:2504: gcc -v >&5
Using built-in specs.
COLLECT_GCC=gcc
COLLECT_LTO_WRAPPER=/usr/lib/gcc/arm-linux-gnueabihf/8/lto-wrapper
Target: arm-linux-gnueabihf
Configured with: ../src/configure -v --with-pkgversion='Raspbian 8.3.0-6+rpi1' --with-bugurl=file:///usr/share/doc/gcc-8/README.Bugs --enable-languages=c,ada,c++,go,d,fortran,objc,obj-c++ --prefix=/usr --with-gcc-major-version-only --program-suffix=-8 --program-prefix=arm-linux-gnueabihf- --enable-shared --enable-linker-build-id --libexecdir=/usr/lib --without-included-gettext --enable-threads=posix --libdir=/usr/lib --enable-nls --enable-bootstrap --enable-clocale=gnu --enable-libstdcxx-debug --enable-libstdcxx-time=yes --with-default-libstdcxx-abi=new --enable-gnu-unique-object --disable-libitm --disable-libquadmath --disable-libquadmath-support --enable-plugin --with-system-zlib --with-target-system-zlib --enable-objc-gc=auto --enable-multiarch --disable-sjlj-exceptions --with-arch=armv6 --with-fpu=vfp --with-float=hard --disable-werror --enable-checking=release --build=arm-linux-gnueabihf --host=arm-linux-gnueabihf --target=arm-linux-gnueabihf
Thread model: posix
gcc version 8.3.0 (Raspbian 8.3.0-6+rpi1) 
configure:2515: $? = 0
configure:2504: gcc -V >&5
gcc: error: unrecognized command line option '-V'
gcc: fatal error: no input files
compilation terminated.
configure:2515: $? = 1
configure:2504: gcc -qversion >&5
gcc: error: unrecognized command line option '-qversion'; did you mean '--version'?
gcc: fatal error: no input files
compilation terminated.
configure:2515: $? = 1
configure:2535: checking whether the C compiler works
configure:2557: gcc    conftest.c  >&5
configure:2561: $? = 0
configure:2609: result: yes
configure:2612: checking for C compiler default output file name
configure:2614: result: a.out
configure:2620: checking for suffix of executables
configure:2627: gcc -o conftest    conftest.c  >&5
configure:2631: $? = 0
configure:2653: result: 
configure:2675: checking whether we are cross compiling
configure:2683: gcc -o conftest    conftest.c  >&5
configure:2687: $? = 0
configure:2694: ./conftest
configure:2698: $? = 0
configure:2686: result: no
configure:2691: checking for suffix of object files
configure:2713: gcc -c   conftest.c >&5
configure:2717: $? = 0
configure:2738: result: o
configure:2742: checking whether we are using the GNU C compiler
configure:2761: gcc -c   conftest.c >&5
configure:2761: $? = 0
configure:2770: result: yes
configure:2779: checking whether gcc accepts -g
configure:2799: gcc -c -g  conftest.c >&5
configure:2799: $? = 0
configure:2840: result: yes
configure:2857: checking for gcc option to accept ISO C89
configure:2920: gcc  -c -g -O2  conftest.c >&5
configure:2920: $? = 0
configure:2933: result: none needed
configure:2958: checking how to run the C preprocessor
configure:2989: gcc -E  conftest.c
configure:2989: $? = 0
configure:3003: gcc -E  conftest.c
conftest.c:9:10: fatal error: ac_nonexistent.h: No such file or directory
 #include <ac_nonexistent.h>
          ^~~~~~~~~~~~~~~~~~
compilation terminated.
configure:3003: $? = 1
configure: failed program was:
| /* confdefs.h */
| #define PACKAGE_NAME ""
| #define PACKAGE_TARNAME ""
| #define PACKAGE_VERSION ""
| #define PACKAGE_STRING ""
| #define PACKAGE_BUGREPORT ""
| #define PACKAGE_URL ""
| /* end confdefs.h.  */
| #include <ac_nonexistent.h>
configure:3028: result: gcc -E
configure:3048: gcc -E  conftest.c
configure:3048: $? = 0
configure:3062: gcc -E  conftest.c
conftest.c:9:10: fatal error: ac_nonexistent.h: No such file or directory
 #include <ac_nonexistent.h>
          ^~~~~~~~~~~~~~~~~~
compilation terminated.
configure:3062: $? = 1
configure: failed program was:
| /* confdefs.h */
| #define PACKAGE_NAME ""
| #define PACKAGE_TARNAME ""
| #define PACKAGE_VERSION ""
| #define PACKAGE_STRING ""
| #define PACKAGE_BUGREPORT ""
| #define PACKAGE_URL ""
| /* end confdefs.h.  */
| #include <ac_nonexistent.h>
configure:3105: checking for a BSD-compatible install
configure:3173: result: /usr/bin/install -c
configure:3186: checking for rm
configure:3204: found /bin/rm
configure:3216: result: /bin/rm
configure:3523: checking for grep that handles long lines and -e
configure:3581: result: /bin/grep
configure:3586: checking for egrep
configure:3648: result: /bin/grep -E
configure:3653: checking for ANSI C header files
configure:3673: gcc -c -g -O2  conftest.c >&5
configure:3673: $? = 0
configure:3746: gcc -o conftest -g -O2   conftest.c  >&5
configure:3746: $? = 0
configure:3746: ./conftest
configure:3746: $? = 0
configure:3757: result: yes
configure:3766: checking for an ANSI C-conforming const
configure:3832: gcc -c -g -O2  conftest.c >&5
configure:3832: $? = 0
configure:3839: result: yes
configure:3860: checking for sys/types.h
configure:3860: gcc -c -g -O2  conftest.c >&5
configure:3860: $? = 0
configure:3860: result: yes
configure:3860: checking for sys/stat.h
configure:3860: gcc -c -g -O2  conftest.c >&5
configure:3860: $? = 0
configure:3860: result: yes
configure:3860: checking for stdlib.h
configure:3860: gcc -c -g -O2  conftest.c >&5
configure:3860: $? = 0
configure:3860: result: yes
configure:3860: checking for string.h
configure:3860: gcc -c -g -O2  conftest.c >&5
configure:3860: $? = 0
configure:3860: result: yes
configure:3860: checking for memory.h
configure:3860: gcc -c -g -O2  conftest.c >&5
configure:3860: $? = 0
configure:3860: result: yes
configure:3860: checking for strings.h
configure:3860: gcc -c -g -O2  conftest.c >&5
configure:3860: $? = 0
configure:3860: result: yes
configure:3860: checking for inttypes.h
configure:3860: gcc -c -g -O2  conftest.c >&5
configure:3860: $? = 0
configure:3860: result: yes
configure:3860: checking for stdint.h
configure:3860: gcc -c -g -O2  conftest.c >&5
configure:3860: $? = 0
configure:3860: result: yes
configure:3860: checking for unistd.h
configure:3860: gcc -c -g -O2  conftest.c >&5
configure:3860: $? = 0
configure:3860: result: yes
configure:3872: checking winnls.h usability
configure:3872: gcc -c -g -O2  conftest.c >&5
conftest.c:52:10: fatal error: winnls.h: No such file or directory
 #include <winnls.h>
          ^~~~~~~~~~
compilation terminated.
configure:3872: $? = 1
configure: failed program was:
| /* confdefs.h */
| #define PACKAGE_NAME ""
| #define PACKAGE_TARNAME ""
| #define PACKAGE_VERSION ""
| #define PACKAGE_STRING ""
| #define PACKAGE_BUGREPORT ""
| #define PACKAGE_URL ""
| #define STDC_HEADERS 1
| #define HAVE_SYS_TYPES_H 1
| #define HAVE_SYS_STAT_H 1
| #define HAVE_STDLIB_H 1
| #define HAVE_STRING_H 1
| #define HAVE_MEMORY_H 1
| #define HAVE_STRINGS_H 1
| #define HAVE_INTTYPES_H 1
| #define HAVE_STDINT_H 1
| #define HAVE_UNISTD_H 1
| /* end confdefs.h.  */
| #include <stdio.h>
| #ifdef HAVE_SYS_TYPES_H
| # include <sys/types.h>
| #endif
| #ifdef HAVE_SYS_STAT_H
| # include <sys/stat.h>
| #endif
| #ifdef STDC_HEADERS
| # include <stdlib.h>
| # include <stddef.h>
| #else
| # ifdef HAVE_STDLIB_H
| #  include <stdlib.h>
| # endif
| #endif
| #ifdef HAVE_STRING_H
| # if !defined STDC_HEADERS && defined HAVE_MEMORY_H
| #  include <memory.h>
| # endif
| # include <string.h>
| #endif
| #ifdef HAVE_STRINGS_H
| # include <strings.h>
| #endif
| #ifdef HAVE_INTTYPES_H
| # include <inttypes.h>
| #endif
| #ifdef HAVE_STDINT_H
| # include <stdint.h>
| #endif
| #ifdef HAVE_UNISTD_H
| # include <unistd.h>
| #endif
| #include <winnls.h>
configure:3872: result: no
configure:3872: checking winnls.h presence
configure:3872: gcc -E  conftest.c
conftest.c:19:10: fatal error: winnls.h: No such file or directory
 #include <winnls.h>
          ^~~~~~~~~~
compilation terminated.
configure:3872: $? = 1
configure: failed program was:
| /* confdefs.h */
| #define PACKAGE_NAME ""
| #define PACKAGE_TARNAME ""
| #define PACKAGE_VERSION ""
| #define PACKAGE_STRING ""
| #define PACKAGE_BUGREPORT ""
| #define PACKAGE_URL ""
| #define STDC_HEADERS 1
| #define HAVE_SYS_TYPES_H 1
| #define HAVE_SYS_STAT_H 1
| #define HAVE_STDLIB_H 1
| #define HAVE_STRING_H 1
| #define HAVE_MEMORY_H 1
| #define HAVE_STRINGS_H 1
| #define HAVE_INTTYPES_H 1
| #define HAVE_STDINT_H 1
| #define HAVE_UNISTD_H 1
| /* end confdefs.h.  */
| #include <winnls.h>
configure:3872: result: no
configure:3872: checking for winnls.h
configure:3872: result: no
configure:3897: checking for iconv
configure:3919: gcc -o conftest -g -O2   conftest.c  >&5
configure:3919: $? = 0
configure:3951: result: yes
configure:3957: checking for iconv declaration
configure:3986: gcc -c -g -O2  conftest.c >&5
configure:3986: $? = 0
configure:3997: result: 
         extern size_t iconv (iconv_t cd, char * *inbuf, size_t *inbytesleft, char * *outbuf, size_t *outbytesleft);
configure:4179: checking for charset conversion
configure:4198: result: iconv
configure:4330: creating ./config.status

## ---------------------- ##
## Running config.status. ##
## ---------------------- ##

This file was extended by config.status, which was
generated by GNU Autoconf 2.69.  Invocation command line was

  CONFIG_FILES    = 
  CONFIG_HEADERS  = 
  CONFIG_LINKS    = 
  CONFIG_COMMANDS = 
  $ ./config.status 

on raspberrypi

config.status:814: creating Makefile
config.status:917: WARNING:  'Makefile.in' seems to ignore the --datarootdir setting
config.status:814: creating config.h

## ---------------- ##
## Cache variables. ##
## ---------------- ##

ac_cv_build=armv7l-unknown-linux-gnueabi
ac_cv_c_compiler_gnu=yes
ac_cv_c_const=yes
ac_cv_env_CC_set=
ac_cv_env_CC_value=
ac_cv_env_CFLAGS_set=
ac_cv_env_CFLAGS_value=
ac_cv_env_CPPFLAGS_set=
ac_cv_env_CPPFLAGS_value=
ac_cv_env_CPP_set=
ac_cv_env_CPP_value=
ac_cv_env_LDFLAGS_set=
ac_cv_env_LDFLAGS_value=
ac_cv_env_LIBS_set=
ac_cv_env_LIBS_value=
ac_cv_env_build_alias_set=
ac_cv_env_build_alias_value=
ac_cv_env_host_alias_set=
ac_cv_env_host_alias_value=
ac_cv_env_target_alias_set=
ac_cv_env_target_alias_value=
ac_cv_header_inttypes_h=yes
ac_cv_header_memory_h=yes
ac_cv_header_stdc=yes
ac_cv_header_stdint_h=yes
ac_cv_header_stdlib_h=yes
ac_cv_header_string_h=yes
ac_cv_header_strings_h=yes
ac_cv_header_sys_stat_h=yes
ac_cv_header_sys_types_h=yes
ac_cv_header_unistd_h=yes
ac_cv_header_winnls_h=no
ac_cv_host=armv7l-unknown-linux-gnueabi
ac_cv_objext=o
ac_cv_path_EGREP='/bin/grep -E'
ac_cv_path_GREP=/bin/grep
ac_cv_path_RM=/bin/rm
ac_cv_path_install='/usr/bin/install -c'
ac_cv_prog_CPP='gcc -E'
ac_cv_prog_ac_ct_CC=gcc
ac_cv_prog_cc_c89=
ac_cv_prog_cc_g=yes
am_cv_func_iconv=yes
am_cv_lib_iconv=no
am_cv_proto_iconv='extern size_t iconv (iconv_t cd, char * *inbuf, size_t *inbytesleft, char * *outbuf, size_t *outbytesleft);'
am_cv_proto_iconv_arg1=

## ----------------- ##
## Output variables. ##
## ----------------- ##

CC='gcc'
CCOBJ='charconv.o charconv_iconv.o'
CFLAGS='-g -O2'
CPP='gcc -E'
CPPFLAGS=''
DEFS='-DHAVE_CONFIG_H'
ECHO_C=''
ECHO_N='-n'
ECHO_T=''
EGREP='/bin/grep -E'
EXEEXT=''
GREP='/bin/grep'
GTK_CFLAGS=''
GTK_CONFIG=''
GTK_LIBS=''
INSTALL_DATA='${INSTALL} -m 644'
INSTALL_PROGRAM='${INSTALL}'
INSTALL_SCRIPT='${INSTALL}'
LDFLAGS=''
LIBICONV=''
LIBOBJS=''
LIBS=''
LTLIBOBJS=''
OBJEXT='o'
PACKAGE_BUGREPORT=''
PACKAGE_NAME=''
PACKAGE_STRING=''
PACKAGE_TARNAME=''
PACKAGE_URL=''
PACKAGE_VERSION=''
PATH_SEPARATOR=':'
RM='/bin/rm'
SHELL='/bin/bash'
ac_ct_CC='gcc'
bindir='${exec_prefix}/bin'
build='armv7l-unknown-linux-gnueabi'
build_alias=''
build_cpu='armv7l'
build_os='linux-gnueabi'
build_vendor='unknown'
datadir='${datarootdir}'
datarootdir='${prefix}/share'
docdir='${datarootdir}/doc/${PACKAGE}'
dvidir='${docdir}'
exec_prefix='${prefix}'
host='armv7l-unknown-linux-gnueabi'
host_alias=''
host_cpu='armv7l'
host_os='linux-gnueabi'
host_vendor='unknown'
htmldir='${docdir}'
includedir='${prefix}/include'
infodir='${datarootdir}/info'
libdir='${exec_prefix}/lib'
libexecdir='${exec_prefix}/libexec'
localedir='${datarootdir}/locale'
localstatedir='${prefix}/var'
mandir='${datarootdir}/man'
oldincludedir='/usr/include'
pdfdir='${docdir}'
prefix='/usr/local'
program_transform_name='s,x,x,'
psdir='${docdir}'
sbindir='${exec_prefix}/sbin'
sharedstatedir='${prefix}/com'
sysconfdir='${prefix}/etc'
target_alias=''

## ----------- ##
## confdefs.h. ##
## ----------- ##

/* confdefs.h */
#define PACKAGE_NAME ""
#define PACKAGE_TARNAME ""
#define PACKAGE_VERSION ""
#define PACKAGE_STRING ""
#define PACKAGE_BUGREPORT ""
#define PACKAGE_URL ""
#define STDC_HEADERS 1
#define HAVE_SYS_TYPES_H 1
#define HAVE_SYS_STAT_H 1
#define HAVE_STDLIB_H 1
#define HAVE_STRING_H 1
#define HAVE_MEMORY_H 1
#define HAVE_STRINGS_H 1
#define HAVE_INTTYPES_H 1
#define HAVE_STDINT_H 1
#define HAVE_UNISTD_H 1
#define HAVE_ICONV 1
#define ICONV_CONST 
#define CHARACTER_CONVERSION 1

configure: exit 0
